<?xml version="1.0" encoding="UTF-8"?>
<!-- Generated by org.testng.reporters.JUnitXMLReporter -->
<testsuite ignored="36" hostname="Miko-Lap-148" failures="132" tests="157" name="Test" time="170.817" errors="0" timestamp="2022-10-09T19:56:46 IST">
  <testcase classname="profile.GetProfileForCustomer" name="mIKO_PROFILE_001_GetProfileForCustomerTests" time="0.935">
    <failure type="java.lang.AssertionError" message="The following asserts failed:
	Response showing different Status Code expected [200] but found [400],
	Response showing different Status message expected [true] but found [false],
	Response showing different mobile no . expected [+919555555555] but found [null]">
      <![CDATA[java.lang.AssertionError: The following asserts failed:
Response showing different Status Code expected [200] but found [400],
Response showing different Status message expected [true] but found [false],
Response showing different mobile no . expected [+919555555555] but found [null]
at profile.GetProfileForCustomer.mIKO_PROFILE_001_GetProfileForCustomerTests(GetProfileForCustomer.java:55)
at java.base/java.util.ArrayList.forEach(ArrayList.java:1511)
... Removed 29 stack frames]]>
    </failure>
  </testcase> <!-- mIKO_PROFILE_001_GetProfileForCustomerTests -->
  <testcase classname="profile.GetProfileForCustomer" name="mIKO_PROFILE_002_GetProfileForCustomerTests" time="1.097">
    <failure type="java.lang.AssertionError" message="The following asserts failed:
	Response showing different Status Code expected [200] but found [400],
	Response showing different Status message expected [true] but found [false],
	Response showing different mobile no . expected [+919555555555] but found [null]">
      <![CDATA[java.lang.AssertionError: The following asserts failed:
Response showing different Status Code expected [200] but found [400],
Response showing different Status message expected [true] but found [false],
Response showing different mobile no . expected [+919555555555] but found [null]
at profile.GetProfileForCustomer.mIKO_PROFILE_002_GetProfileForCustomerTests(GetProfileForCustomer.java:73)
at java.base/java.util.ArrayList.forEach(ArrayList.java:1511)
... Removed 29 stack frames]]>
    </failure>
  </testcase> <!-- mIKO_PROFILE_002_GetProfileForCustomerTests -->
  <testcase classname="profile.GetProfileForCustomer" name="mIKO_PROFILE_003_GetProfileForCustomerTests" time="1.155">
    <failure type="java.lang.AssertionError" message="The following asserts failed:
	Response showing different Status Code expected [200] but found [400],
	Response showing different Status message expected [true] but found [false],
	Response showing different mobile no . expected [+919555555555] but found [null]">
      <![CDATA[java.lang.AssertionError: The following asserts failed:
Response showing different Status Code expected [200] but found [400],
Response showing different Status message expected [true] but found [false],
Response showing different mobile no . expected [+919555555555] but found [null]
at profile.GetProfileForCustomer.mIKO_PROFILE_003_GetProfileForCustomerTests(GetProfileForCustomer.java:90)
at java.base/java.util.ArrayList.forEach(ArrayList.java:1511)
... Removed 29 stack frames]]>
    </failure>
  </testcase> <!-- mIKO_PROFILE_003_GetProfileForCustomerTests -->
  <testcase classname="profile.GetProfileForCustomer" name="mIKO_PROFILE_004_GetProfileForCustomerTests" time="0.893">
    <failure type="java.lang.AssertionError" message="The following asserts failed:
	Response showing different Status Code expected [200] but found [400],
	Response showing different Status message expected [true] but found [false],
	Response showing different mobile no . expected [+919555555555] but found [null]">
      <![CDATA[java.lang.AssertionError: The following asserts failed:
Response showing different Status Code expected [200] but found [400],
Response showing different Status message expected [true] but found [false],
Response showing different mobile no . expected [+919555555555] but found [null]
at profile.GetProfileForCustomer.mIKO_PROFILE_004_GetProfileForCustomerTests(GetProfileForCustomer.java:106)
at java.base/java.util.ArrayList.forEach(ArrayList.java:1511)
... Removed 29 stack frames]]>
    </failure>
  </testcase> <!-- mIKO_PROFILE_004_GetProfileForCustomerTests -->
  <testcase classname="profile.GetProfileForCustomer" name="mIKO_PROFILE_005_GetProfileForCustomerTests" time="0.903">
    <failure type="java.lang.AssertionError" message="The following asserts failed:
	Response showing different Status Code expected [200] but found [400],
	Response showing different Status message expected [true] but found [false],
	Response showing different mobile no . expected [+919555555555] but found [null]">
      <![CDATA[java.lang.AssertionError: The following asserts failed:
Response showing different Status Code expected [200] but found [400],
Response showing different Status message expected [true] but found [false],
Response showing different mobile no . expected [+919555555555] but found [null]
at profile.GetProfileForCustomer.mIKO_PROFILE_005_GetProfileForCustomerTests(GetProfileForCustomer.java:123)
at java.base/java.util.ArrayList.forEach(ArrayList.java:1511)
... Removed 29 stack frames]]>
    </failure>
  </testcase> <!-- mIKO_PROFILE_005_GetProfileForCustomerTests -->
  <testcase classname="config.MaxPageHomeCarousel" name="mIKO_CONFIG_020_MaxPageHomeCarouselTests" time="0.003">
    <failure type="java.lang.IllegalArgumentException" message="Header value cannot be null">
      <![CDATA[java.lang.IllegalArgumentException: Header value cannot be null
at org.codehaus.groovy.runtime.callsite.ConstructorSite$ConstructorSiteNoUnwrap.callConstructor(ConstructorSite.java:84)
at org.codehaus.groovy.runtime.callsite.CallSiteArray.defaultCallConstructor(CallSiteArray.java:59)
at org.codehaus.groovy.runtime.callsite.AbstractCallSite.callConstructor(AbstractCallSite.java:263)
at org.codehaus.groovy.runtime.callsite.AbstractCallSite.callConstructor(AbstractCallSite.java:277)
at io.restassured.internal.common.assertion.AssertParameter.notNull(AssertParameter.groovy:26)
at io.restassured.internal.common.assertion.AssertParameter$notNull.callStatic(Unknown Source)
at org.codehaus.groovy.runtime.callsite.CallSiteArray.defaultCallStatic(CallSiteArray.java:55)
at io.restassured.internal.common.assertion.AssertParameter$notNull.callStatic(Unknown Source)
at io.restassured.internal.RequestSpecificationImpl.header(RequestSpecificationImpl.groovy:843)
at config.MaxPageHomeCarousel.mIKO_CONFIG_020_MaxPageHomeCarouselTests(MaxPageHomeCarousel.java:46)
at java.base/java.util.ArrayList.forEach(ArrayList.java:1511)
... Removed 34 stack frames]]>
    </failure>
  </testcase> <!-- mIKO_CONFIG_020_MaxPageHomeCarouselTests -->
  <testcase classname="config.MaxPageHomeCarousel" name="mIKO_CONFIG_021_MaxPageHomeCarouselTests" time="0.002">
    <failure type="java.lang.IllegalArgumentException" message="Header value cannot be null">
      <![CDATA[java.lang.IllegalArgumentException: Header value cannot be null
at org.codehaus.groovy.runtime.callsite.ConstructorSite$ConstructorSiteNoUnwrap.callConstructor(ConstructorSite.java:84)
at org.codehaus.groovy.runtime.callsite.AbstractCallSite.callConstructor(AbstractCallSite.java:277)
at io.restassured.internal.common.assertion.AssertParameter.notNull(AssertParameter.groovy:26)
at io.restassured.internal.common.assertion.AssertParameter$notNull.callStatic(Unknown Source)
at io.restassured.internal.RequestSpecificationImpl.header(RequestSpecificationImpl.groovy:843)
at config.MaxPageHomeCarousel.mIKO_CONFIG_021_MaxPageHomeCarouselTests(MaxPageHomeCarousel.java:66)
at java.base/java.util.ArrayList.forEach(ArrayList.java:1511)
... Removed 34 stack frames]]>
    </failure>
  </testcase> <!-- mIKO_CONFIG_021_MaxPageHomeCarouselTests -->
  <testcase classname="config.MaxPageHomeCarousel" name="mIKO_CONFIG_022_MaxPageHomeCarouselTests" time="0.001">
    <failure type="java.lang.IllegalArgumentException" message="Header value cannot be null">
      <![CDATA[java.lang.IllegalArgumentException: Header value cannot be null
at org.codehaus.groovy.runtime.callsite.ConstructorSite$ConstructorSiteNoUnwrap.callConstructor(ConstructorSite.java:84)
at org.codehaus.groovy.runtime.callsite.AbstractCallSite.callConstructor(AbstractCallSite.java:277)
at io.restassured.internal.common.assertion.AssertParameter.notNull(AssertParameter.groovy:26)
at io.restassured.internal.common.assertion.AssertParameter$notNull.callStatic(Unknown Source)
at io.restassured.internal.RequestSpecificationImpl.header(RequestSpecificationImpl.groovy:843)
at config.MaxPageHomeCarousel.mIKO_CONFIG_022_MaxPageHomeCarouselTests(MaxPageHomeCarousel.java:86)
at java.base/java.util.ArrayList.forEach(ArrayList.java:1511)
... Removed 34 stack frames]]>
    </failure>
  </testcase> <!-- mIKO_CONFIG_022_MaxPageHomeCarouselTests -->
  <testcase classname="config.MaxPageHomeCarousel" name="mIKO_CONFIG_023_MaxPageHomeCarouselTests" time="0.886">
    <failure type="java.lang.AssertionError" message="The following asserts failed:
	Response showing diffenent detail expected [Invalid signature] but found [Please provide a valid authorization header]">
      <![CDATA[java.lang.AssertionError: The following asserts failed:
Response showing diffenent detail expected [Invalid signature] but found [Please provide a valid authorization header]
at config.MaxPageHomeCarousel.mIKO_CONFIG_023_MaxPageHomeCarouselTests(MaxPageHomeCarousel.java:115)
at java.base/java.util.ArrayList.forEach(ArrayList.java:1511)
... Removed 29 stack frames]]>
    </failure>
  </testcase> <!-- mIKO_CONFIG_023_MaxPageHomeCarouselTests -->
  <testcase classname="config.MaxPageHomeCarousel" name="mIKO_CONFIG_024_MaxPageHomeCarouselTests" time="0.862">
    <failure type="java.lang.AssertionError" message="The following asserts failed:
	Response showing diffenent detail expected [Invalid signature] but found [Please provide a valid authorization header]">
      <![CDATA[java.lang.AssertionError: The following asserts failed:
Response showing diffenent detail expected [Invalid signature] but found [Please provide a valid authorization header]
at config.MaxPageHomeCarousel.mIKO_CONFIG_024_MaxPageHomeCarouselTests(MaxPageHomeCarousel.java:135)
at java.base/java.util.ArrayList.forEach(ArrayList.java:1511)
... Removed 29 stack frames]]>
    </failure>
  </testcase> <!-- mIKO_CONFIG_024_MaxPageHomeCarouselTests -->
  <testcase classname="miko.GetBotDetail" name="mIKO_MIKO_001_GetBotDetailTests" time="0.909">
    <failure type="java.lang.AssertionError" message="The following asserts failed:
	Response showing different mobile no. expected [+919555555555] but found [+917008978194]">
      <![CDATA[java.lang.AssertionError: The following asserts failed:
Response showing different mobile no. expected [+919555555555] but found [+917008978194]
at miko.GetBotDetail.mIKO_MIKO_001_GetBotDetailTests(GetBotDetail.java:59)
at java.base/java.util.ArrayList.forEach(ArrayList.java:1511)
... Removed 29 stack frames]]>
    </failure>
  </testcase> <!-- mIKO_MIKO_001_GetBotDetailTests -->
  <testcase classname="miko.GetBotDetail" name="mIKO_MIKO_002_GetBotDetailTests" time="0.867">
    <failure type="java.lang.AssertionError" message="The following asserts failed:
	Response showing different mobile no. expected [+919555555555] but found [+917008978194]">
      <![CDATA[java.lang.AssertionError: The following asserts failed:
Response showing different mobile no. expected [+919555555555] but found [+917008978194]
at miko.GetBotDetail.mIKO_MIKO_002_GetBotDetailTests(GetBotDetail.java:82)
at java.base/java.util.ArrayList.forEach(ArrayList.java:1511)
... Removed 29 stack frames]]>
    </failure>
  </testcase> <!-- mIKO_MIKO_002_GetBotDetailTests -->
  <testcase classname="miko.GetBotDetail" name="mIKO_MIKO_003_GetBotDetailTests" time="1.075">
    <failure type="java.lang.AssertionError" message="The following asserts failed:
	Response showing different mobile no. expected [+919555555555] but found [+917008978194]">
      <![CDATA[java.lang.AssertionError: The following asserts failed:
Response showing different mobile no. expected [+919555555555] but found [+917008978194]
at miko.GetBotDetail.mIKO_MIKO_003_GetBotDetailTests(GetBotDetail.java:102)
at java.base/java.util.ArrayList.forEach(ArrayList.java:1511)
... Removed 29 stack frames]]>
    </failure>
  </testcase> <!-- mIKO_MIKO_003_GetBotDetailTests -->
  <testcase classname="miko.GetBotDetail" name="mIKO_MIKO_004_GetBotDetailTests" time="0.977">
    <failure type="java.lang.AssertionError" message="The following asserts failed:
	Response showing different mobile no. expected [+919555555555] but found [+917008978194]">
      <![CDATA[java.lang.AssertionError: The following asserts failed:
Response showing different mobile no. expected [+919555555555] but found [+917008978194]
at miko.GetBotDetail.mIKO_MIKO_004_GetBotDetailTests(GetBotDetail.java:123)
at java.base/java.util.ArrayList.forEach(ArrayList.java:1511)
... Removed 29 stack frames]]>
    </failure>
  </testcase> <!-- mIKO_MIKO_004_GetBotDetailTests -->
  <testcase classname="miko.GetBotDetail" name="mIKO_MIKO_005_GetBotDetailTests" time="0.95">
    <failure type="java.lang.AssertionError" message="The following asserts failed:
	Response showing different mobile no. expected [+919555555555] but found [+917008978194]">
      <![CDATA[java.lang.AssertionError: The following asserts failed:
Response showing different mobile no. expected [+919555555555] but found [+917008978194]
at miko.GetBotDetail.mIKO_MIKO_005_GetBotDetailTests(GetBotDetail.java:144)
at java.base/java.util.ArrayList.forEach(ArrayList.java:1511)
... Removed 29 stack frames]]>
    </failure>
  </testcase> <!-- mIKO_MIKO_005_GetBotDetailTests -->
  <testcase classname="miko.GetBotDetail" name="mIKO_MIKO_006_GetBotDetailTests" time="0.903">
    <failure type="java.lang.AssertionError" message="The following asserts failed:
	Response showing different mobile no. expected [+919555555555] but found [+917008978194]">
      <![CDATA[java.lang.AssertionError: The following asserts failed:
Response showing different mobile no. expected [+919555555555] but found [+917008978194]
at miko.GetBotDetail.mIKO_MIKO_006_GetBotDetailTests(GetBotDetail.java:165)
at java.base/java.util.ArrayList.forEach(ArrayList.java:1511)
... Removed 29 stack frames]]>
    </failure>
  </testcase> <!-- mIKO_MIKO_006_GetBotDetailTests -->
  <testcase classname="miko.GetBotDetail" name="mIKO_MIKO_007_GetBotDetailTests" time="0.883">
    <failure type="java.lang.AssertionError" message="The following asserts failed:
	Response showing different mobile no. expected [+919555555555] but found [+917008978194]">
      <![CDATA[java.lang.AssertionError: The following asserts failed:
Response showing different mobile no. expected [+919555555555] but found [+917008978194]
at miko.GetBotDetail.mIKO_MIKO_007_GetBotDetailTests(GetBotDetail.java:186)
at java.base/java.util.ArrayList.forEach(ArrayList.java:1511)
... Removed 29 stack frames]]>
    </failure>
  </testcase> <!-- mIKO_MIKO_007_GetBotDetailTests -->
  <testcase classname="miko.GetBotDetail" name="mIKO_MIKO_008_GetBotDetailTests" time="0.828">
    <failure type="java.lang.AssertionError" message="The following asserts failed:
	Response showing different mobile no. expected [+919555555555] but found [+917008978194]">
      <![CDATA[java.lang.AssertionError: The following asserts failed:
Response showing different mobile no. expected [+919555555555] but found [+917008978194]
at miko.GetBotDetail.mIKO_MIKO_008_GetBotDetailTests(GetBotDetail.java:207)
at java.base/java.util.ArrayList.forEach(ArrayList.java:1511)
... Removed 29 stack frames]]>
    </failure>
  </testcase> <!-- mIKO_MIKO_008_GetBotDetailTests -->
  <testcase classname="miko.GetBotDetail" name="mIKO_MIKO_009_GetBotDetailTests" time="0.831">
    <failure type="java.lang.AssertionError" message="The following asserts failed:
	Response showing different mobile no. expected [+919555555555] but found [+917008978194]">
      <![CDATA[java.lang.AssertionError: The following asserts failed:
Response showing different mobile no. expected [+919555555555] but found [+917008978194]
at miko.GetBotDetail.mIKO_MIKO_009_GetBotDetailTests(GetBotDetail.java:229)
at java.base/java.util.ArrayList.forEach(ArrayList.java:1511)
... Removed 29 stack frames]]>
    </failure>
  </testcase> <!-- mIKO_MIKO_009_GetBotDetailTests -->
  <testcase classname="miko.GetBotDetail" name="mIKO_MIKO_010_GetBotDetailTests" time="0.864">
    <failure type="java.lang.AssertionError" message="The following asserts failed:
	Response showing different mobile no. expected [+919555555555] but found [+917008978194]">
      <![CDATA[java.lang.AssertionError: The following asserts failed:
Response showing different mobile no. expected [+919555555555] but found [+917008978194]
at miko.GetBotDetail.mIKO_MIKO_010_GetBotDetailTests(GetBotDetail.java:250)
at java.base/java.util.ArrayList.forEach(ArrayList.java:1511)
... Removed 29 stack frames]]>
    </failure>
  </testcase> <!-- mIKO_MIKO_010_GetBotDetailTests -->
  <testcase classname="config.UnsubscribeReasons" name="mIKO_CONFIG_025_UnsubscribeReasonsTests" time="0.001">
    <failure type="java.lang.IllegalArgumentException" message="Header value cannot be null">
      <![CDATA[java.lang.IllegalArgumentException: Header value cannot be null
at org.codehaus.groovy.runtime.callsite.ConstructorSite$ConstructorSiteNoUnwrap.callConstructor(ConstructorSite.java:84)
at org.codehaus.groovy.runtime.callsite.AbstractCallSite.callConstructor(AbstractCallSite.java:277)
at io.restassured.internal.common.assertion.AssertParameter.notNull(AssertParameter.groovy:26)
at io.restassured.internal.common.assertion.AssertParameter$notNull.callStatic(Unknown Source)
at org.codehaus.groovy.runtime.callsite.CallSiteArray.defaultCallStatic(CallSiteArray.java:55)
at io.restassured.internal.common.assertion.AssertParameter$notNull.callStatic(Unknown Source)
at io.restassured.internal.RequestSpecificationImpl.header(RequestSpecificationImpl.groovy:843)
at config.UnsubscribeReasons.mIKO_CONFIG_025_UnsubscribeReasonsTests(UnsubscribeReasons.java:48)
at java.base/java.util.ArrayList.forEach(ArrayList.java:1511)
... Removed 34 stack frames]]>
    </failure>
  </testcase> <!-- mIKO_CONFIG_025_UnsubscribeReasonsTests -->
  <testcase classname="config.UnsubscribeReasons" name="mIKO_CONFIG_026_UnsubscribeReasonsTests" time="0.002">
    <failure type="java.lang.IllegalArgumentException" message="Header value cannot be null">
      <![CDATA[java.lang.IllegalArgumentException: Header value cannot be null
at org.codehaus.groovy.runtime.callsite.ConstructorSite$ConstructorSiteNoUnwrap.callConstructor(ConstructorSite.java:84)
at org.codehaus.groovy.runtime.callsite.AbstractCallSite.callConstructor(AbstractCallSite.java:277)
at io.restassured.internal.common.assertion.AssertParameter.notNull(AssertParameter.groovy:26)
at io.restassured.internal.common.assertion.AssertParameter$notNull.callStatic(Unknown Source)
at io.restassured.internal.RequestSpecificationImpl.header(RequestSpecificationImpl.groovy:843)
at config.UnsubscribeReasons.mIKO_CONFIG_026_UnsubscribeReasonsTests(UnsubscribeReasons.java:72)
at java.base/java.util.ArrayList.forEach(ArrayList.java:1511)
... Removed 34 stack frames]]>
    </failure>
  </testcase> <!-- mIKO_CONFIG_026_UnsubscribeReasonsTests -->
  <testcase classname="config.UnsubscribeReasons" name="mIKO_CONFIG_027_UnsubscribeReasonsTests" time="0.002">
    <failure type="java.lang.IllegalArgumentException" message="Header value cannot be null">
      <![CDATA[java.lang.IllegalArgumentException: Header value cannot be null
at org.codehaus.groovy.runtime.callsite.ConstructorSite$ConstructorSiteNoUnwrap.callConstructor(ConstructorSite.java:84)
at org.codehaus.groovy.runtime.callsite.AbstractCallSite.callConstructor(AbstractCallSite.java:277)
at io.restassured.internal.common.assertion.AssertParameter.notNull(AssertParameter.groovy:26)
at io.restassured.internal.common.assertion.AssertParameter$notNull.callStatic(Unknown Source)
at io.restassured.internal.RequestSpecificationImpl.header(RequestSpecificationImpl.groovy:843)
at config.UnsubscribeReasons.mIKO_CONFIG_027_UnsubscribeReasonsTests(UnsubscribeReasons.java:91)
at java.base/java.util.ArrayList.forEach(ArrayList.java:1511)
... Removed 34 stack frames]]>
    </failure>
  </testcase> <!-- mIKO_CONFIG_027_UnsubscribeReasonsTests -->
  <testcase classname="config.UnsubscribeReasons" name="mIKO_CONFIG_028_UnsubscribeReasonsTests" time="0.848"/>
  <testcase classname="config.UnsubscribeReasons" name="mIKO_CONFIG_029_UnsubscribeReasonsTests" time="0.875"/>
  <testcase classname="miko.PairWithBot" name="mIKO_MIKO_011_PairWithBotTests" time="0.906">
    <failure type="java.lang.AssertionError" message="The following asserts failed:
	Response showing different Status Code expected [200] but found [401],
	Response showing different Status message expected [true] but found [false],
	Response showing different bot code . expected [TEST05] but found [null]">
      <![CDATA[java.lang.AssertionError: The following asserts failed:
Response showing different Status Code expected [200] but found [401],
Response showing different Status message expected [true] but found [false],
Response showing different bot code . expected [TEST05] but found [null]
at miko.PairWithBot.mIKO_MIKO_011_PairWithBotTests(PairWithBot.java:58)
at java.base/java.util.ArrayList.forEach(ArrayList.java:1511)
... Removed 29 stack frames]]>
    </failure>
  </testcase> <!-- mIKO_MIKO_011_PairWithBotTests -->
  <testcase classname="miko.PairWithBot" name="mIKO_MIKO_012_PairWithBotTests" time="0.858">
    <failure type="java.lang.AssertionError" message="The following asserts failed:
	Response showing different Status Code expected [200] but found [401],
	Response showing different Status message expected [true] but found [false],
	Response showing different bot code . expected [TEST05] but found [null]">
      <![CDATA[java.lang.AssertionError: The following asserts failed:
Response showing different Status Code expected [200] but found [401],
Response showing different Status message expected [true] but found [false],
Response showing different bot code . expected [TEST05] but found [null]
at miko.PairWithBot.mIKO_MIKO_012_PairWithBotTests(PairWithBot.java:78)
at java.base/java.util.ArrayList.forEach(ArrayList.java:1511)
... Removed 29 stack frames]]>
    </failure>
  </testcase> <!-- mIKO_MIKO_012_PairWithBotTests -->
  <testcase classname="miko.PairWithBot" name="mIKO_MIKO_013_PairWithBotTests" time="1.107">
    <failure type="java.lang.AssertionError" message="The following asserts failed:
	Response showing different Status Code expected [200] but found [401],
	Response showing different Status message expected [true] but found [false],
	Response showing different bot code . expected [TEST05] but found [null]">
      <![CDATA[java.lang.AssertionError: The following asserts failed:
Response showing different Status Code expected [200] but found [401],
Response showing different Status message expected [true] but found [false],
Response showing different bot code . expected [TEST05] but found [null]
at miko.PairWithBot.mIKO_MIKO_013_PairWithBotTests(PairWithBot.java:96)
at java.base/java.util.ArrayList.forEach(ArrayList.java:1511)
... Removed 29 stack frames]]>
    </failure>
  </testcase> <!-- mIKO_MIKO_013_PairWithBotTests -->
  <testcase classname="miko.PairWithBot" name="mIKO_MIKO_014_PairWithBotTests" time="0.89">
    <failure type="java.lang.AssertionError" message="The following asserts failed:
	Response showing different Status Code expected [200] but found [401],
	Response showing different Status message expected [true] but found [false],
	Response showing different bot code . expected [TEST05] but found [null],
	Response showing different Status Code expected [422] but found [401],
	Response showing different Status message expected [true] but found [false],
	Response showing different Message . expected [Bot already paired with different user] but found [Invalid signature]">
      <![CDATA[java.lang.AssertionError: The following asserts failed:
Response showing different Status Code expected [200] but found [401],
Response showing different Status message expected [true] but found [false],
Response showing different bot code . expected [TEST05] but found [null],
Response showing different Status Code expected [422] but found [401],
Response showing different Status message expected [true] but found [false],
Response showing different Message . expected [Bot already paired with different user] but found [Invalid signature]
at miko.PairWithBot.mIKO_MIKO_014_PairWithBotTests(PairWithBot.java:116)
at java.base/java.util.ArrayList.forEach(ArrayList.java:1511)
... Removed 29 stack frames]]>
    </failure>
  </testcase> <!-- mIKO_MIKO_014_PairWithBotTests -->
  <testcase classname="miko.PairWithBot" name="mIKO_MIKO_015_PairWithBotTests" time="0.871">
    <failure type="java.lang.AssertionError" message="The following asserts failed:
	Response showing different Status Code expected [200] but found [401],
	Response showing different Status message expected [true] but found [false],
	Response showing different bot code . expected [TEST05] but found [null],
	Response showing different Status Code expected [422] but found [401],
	Response showing different Status message expected [true] but found [false],
	Response showing different Message . expected [Bot already paired with different user] but found [Invalid signature],
	Response showing different Status Code expected [422] but found [401],
	Response showing different Status message expected [true] but found [false],
	Response showing different error . expected [Bot details not found] but found [Invalid signature]">
      <![CDATA[java.lang.AssertionError: The following asserts failed:
Response showing different Status Code expected [200] but found [401],
Response showing different Status message expected [true] but found [false],
Response showing different bot code . expected [TEST05] but found [null],
Response showing different Status Code expected [422] but found [401],
Response showing different Status message expected [true] but found [false],
Response showing different Message . expected [Bot already paired with different user] but found [Invalid signature],
Response showing different Status Code expected [422] but found [401],
Response showing different Status message expected [true] but found [false],
Response showing different error . expected [Bot details not found] but found [Invalid signature]
at miko.PairWithBot.mIKO_MIKO_015_PairWithBotTests(PairWithBot.java:135)
at java.base/java.util.ArrayList.forEach(ArrayList.java:1511)
... Removed 29 stack frames]]>
    </failure>
  </testcase> <!-- mIKO_MIKO_015_PairWithBotTests -->
  <testcase classname="miko.PairWithBot" name="mIKO_MIKO_016_PairWithBotTests" time="1.119">
    <failure type="java.lang.AssertionError" message="The following asserts failed:
	Response showing different Status Code expected [200] but found [401],
	Response showing different Status message expected [true] but found [false],
	Response showing different bot code . expected [TEST05] but found [null],
	Response showing different Status Code expected [422] but found [401],
	Response showing different Status message expected [true] but found [false],
	Response showing different Message . expected [Bot already paired with different user] but found [Invalid signature],
	Response showing different Status Code expected [422] but found [401],
	Response showing different Status message expected [true] but found [false],
	Response showing different error . expected [Bot details not found] but found [Invalid signature]">
      <![CDATA[java.lang.AssertionError: The following asserts failed:
Response showing different Status Code expected [200] but found [401],
Response showing different Status message expected [true] but found [false],
Response showing different bot code . expected [TEST05] but found [null],
Response showing different Status Code expected [422] but found [401],
Response showing different Status message expected [true] but found [false],
Response showing different Message . expected [Bot already paired with different user] but found [Invalid signature],
Response showing different Status Code expected [422] but found [401],
Response showing different Status message expected [true] but found [false],
Response showing different error . expected [Bot details not found] but found [Invalid signature]
at miko.PairWithBot.mIKO_MIKO_016_PairWithBotTests(PairWithBot.java:152)
at java.base/java.util.ArrayList.forEach(ArrayList.java:1511)
... Removed 29 stack frames]]>
    </failure>
  </testcase> <!-- mIKO_MIKO_016_PairWithBotTests -->
  <testcase classname="miko.PairWithBot" name="mIKO_MIKO_017_PairWithBotTests" time="0.878">
    <failure type="java.lang.AssertionError" message="The following asserts failed:
	Response showing different Status Code expected [200] but found [401],
	Response showing different Status message expected [true] but found [false],
	Response showing different bot code . expected [TEST05] but found [null],
	Response showing different Status Code expected [422] but found [401],
	Response showing different Status message expected [true] but found [false],
	Response showing different Message . expected [Bot already paired with different user] but found [Invalid signature],
	Response showing different Status Code expected [422] but found [401],
	Response showing different Status message expected [true] but found [false],
	Response showing different error . expected [Bot details not found] but found [Invalid signature]">
      <![CDATA[java.lang.AssertionError: The following asserts failed:
Response showing different Status Code expected [200] but found [401],
Response showing different Status message expected [true] but found [false],
Response showing different bot code . expected [TEST05] but found [null],
Response showing different Status Code expected [422] but found [401],
Response showing different Status message expected [true] but found [false],
Response showing different Message . expected [Bot already paired with different user] but found [Invalid signature],
Response showing different Status Code expected [422] but found [401],
Response showing different Status message expected [true] but found [false],
Response showing different error . expected [Bot details not found] but found [Invalid signature]
at miko.PairWithBot.mIKO_MIKO_017_PairWithBotTests(PairWithBot.java:170)
at java.base/java.util.ArrayList.forEach(ArrayList.java:1511)
... Removed 29 stack frames]]>
    </failure>
  </testcase> <!-- mIKO_MIKO_017_PairWithBotTests -->
  <testcase classname="miko.PairWithBot" name="mIKO_MIKO_018_PairWithBotTests" time="0.867">
    <failure type="java.lang.AssertionError" message="The following asserts failed:
	Response showing different Status Code expected [200] but found [401],
	Response showing different Status message expected [true] but found [false],
	Response showing different bot code . expected [TEST05] but found [null],
	Response showing different Status Code expected [422] but found [401],
	Response showing different Status message expected [true] but found [false],
	Response showing different Message . expected [Bot already paired with different user] but found [Invalid signature],
	Response showing different Status Code expected [422] but found [401],
	Response showing different Status message expected [true] but found [false],
	Response showing different error . expected [Bot details not found] but found [Invalid signature]">
      <![CDATA[java.lang.AssertionError: The following asserts failed:
Response showing different Status Code expected [200] but found [401],
Response showing different Status message expected [true] but found [false],
Response showing different bot code . expected [TEST05] but found [null],
Response showing different Status Code expected [422] but found [401],
Response showing different Status message expected [true] but found [false],
Response showing different Message . expected [Bot already paired with different user] but found [Invalid signature],
Response showing different Status Code expected [422] but found [401],
Response showing different Status message expected [true] but found [false],
Response showing different error . expected [Bot details not found] but found [Invalid signature]
at miko.PairWithBot.mIKO_MIKO_018_PairWithBotTests(PairWithBot.java:189)
at java.base/java.util.ArrayList.forEach(ArrayList.java:1511)
... Removed 29 stack frames]]>
    </failure>
  </testcase> <!-- mIKO_MIKO_018_PairWithBotTests -->
  <testcase classname="languages.GetKeyValueOfALanguage" name="mIKO_LANG_004_GetKeyValueOfALanguageTests" time="0.921">
    <failure type="java.lang.AssertionError" message="The following asserts failed:
	Response showing different Status Code expected [200] but found [404],
	Response showing different Status message expected [true] but found [false]">
      <![CDATA[java.lang.AssertionError: The following asserts failed:
Response showing different Status Code expected [200] but found [404],
Response showing different Status message expected [true] but found [false]
at languages.GetKeyValueOfALanguage.mIKO_LANG_004_GetKeyValueOfALanguageTests(GetKeyValueOfALanguage.java:66)
at java.base/java.util.ArrayList.forEach(ArrayList.java:1511)
... Removed 29 stack frames]]>
    </failure>
  </testcase> <!-- mIKO_LANG_004_GetKeyValueOfALanguageTests -->
  <testcase classname="languages.GetKeyValueOfALanguage" name="mIKO_LANG_005_GetKeyValueOfALanguageTests" time="0.906">
    <failure type="java.lang.AssertionError" message="The following asserts failed:
	Response showing different Status Code expected [200] but found [404],
	Response showing different Status message expected [true] but found [false]">
      <![CDATA[java.lang.AssertionError: The following asserts failed:
Response showing different Status Code expected [200] but found [404],
Response showing different Status message expected [true] but found [false]
at languages.GetKeyValueOfALanguage.mIKO_LANG_005_GetKeyValueOfALanguageTests(GetKeyValueOfALanguage.java:85)
at java.base/java.util.ArrayList.forEach(ArrayList.java:1511)
... Removed 29 stack frames]]>
    </failure>
  </testcase> <!-- mIKO_LANG_005_GetKeyValueOfALanguageTests -->
  <testcase classname="languages.GetKeyValueOfALanguage" name="mIKO_LANG_006_GetKeyValueOfALanguageTests" time="1.135">
    <failure type="java.lang.AssertionError" message="The following asserts failed:
	Response showing different Status Code expected [200] but found [404],
	Response showing different Status message expected [true] but found [false]">
      <![CDATA[java.lang.AssertionError: The following asserts failed:
Response showing different Status Code expected [200] but found [404],
Response showing different Status message expected [true] but found [false]
at languages.GetKeyValueOfALanguage.mIKO_LANG_006_GetKeyValueOfALanguageTests(GetKeyValueOfALanguage.java:102)
at java.base/java.util.ArrayList.forEach(ArrayList.java:1511)
... Removed 29 stack frames]]>
    </failure>
  </testcase> <!-- mIKO_LANG_006_GetKeyValueOfALanguageTests -->
  <testcase classname="languages.GetKeyValueOfALanguage" name="mIKO_LANG_007_GetKeyValueOfALanguageTests" time="0.862">
    <failure type="java.lang.AssertionError" message="The following asserts failed:
	Response showing different Status Code expected [200] but found [404],
	Response showing different Status message expected [true] but found [false],
	Response showing different Status Code expected [200] but found [404],
	Response showing different Status message expected [true] but found [false]">
      <![CDATA[java.lang.AssertionError: The following asserts failed:
Response showing different Status Code expected [200] but found [404],
Response showing different Status message expected [true] but found [false],
Response showing different Status Code expected [200] but found [404],
Response showing different Status message expected [true] but found [false]
at languages.GetKeyValueOfALanguage.mIKO_LANG_007_GetKeyValueOfALanguageTests(GetKeyValueOfALanguage.java:120)
at java.base/java.util.ArrayList.forEach(ArrayList.java:1511)
... Removed 29 stack frames]]>
    </failure>
  </testcase> <!-- mIKO_LANG_007_GetKeyValueOfALanguageTests -->
  <testcase classname="languages.GetKeyValueOfALanguage" name="mIKO_LANG_008_GetKeyValueOfALanguageTests" time="1.153">
    <failure type="java.lang.AssertionError" message="The following asserts failed:
	Response showing different Status Code expected [200] but found [404],
	Response showing different Status message expected [true] but found [false],
	Response showing different Status Code expected [200] but found [404],
	Response showing different Status message expected [true] but found [false]">
      <![CDATA[java.lang.AssertionError: The following asserts failed:
Response showing different Status Code expected [200] but found [404],
Response showing different Status message expected [true] but found [false],
Response showing different Status Code expected [200] but found [404],
Response showing different Status message expected [true] but found [false]
at languages.GetKeyValueOfALanguage.mIKO_LANG_008_GetKeyValueOfALanguageTests(GetKeyValueOfALanguage.java:136)
at java.base/java.util.ArrayList.forEach(ArrayList.java:1511)
... Removed 29 stack frames]]>
    </failure>
  </testcase> <!-- mIKO_LANG_008_GetKeyValueOfALanguageTests -->
  <testcase classname="languages.Languages" name="mIKO_LANG_001_LanguagesTests" time="0.815">
    <failure type="java.lang.AssertionError" message="The following asserts failed:
	Some different reason is displaying expected [true] but found [false]">
      <![CDATA[java.lang.AssertionError: The following asserts failed:
Some different reason is displaying expected [true] but found [false]
at languages.Languages.mIKO_LANG_001_LanguagesTests(Languages.java:61)
at java.base/java.util.ArrayList.forEach(ArrayList.java:1511)
... Removed 29 stack frames]]>
    </failure>
  </testcase> <!-- mIKO_LANG_001_LanguagesTests -->
  <testcase classname="languages.Languages" name="mIKO_LANG_002_LanguagesTests" time="0.849">
    <failure type="java.lang.AssertionError" message="The following asserts failed:
	Some different reason is displaying expected [true] but found [false]">
      <![CDATA[java.lang.AssertionError: The following asserts failed:
Some different reason is displaying expected [true] but found [false]
at languages.Languages.mIKO_LANG_002_LanguagesTests(Languages.java:78)
at java.base/java.util.ArrayList.forEach(ArrayList.java:1511)
... Removed 29 stack frames]]>
    </failure>
  </testcase> <!-- mIKO_LANG_002_LanguagesTests -->
  <testcase classname="languages.Languages" name="mIKO_LANG_003_LanguagesTests" time="0.542">
    <failure type="java.lang.AssertionError" message="The following asserts failed:
	Some different reason is displaying expected [true] but found [false]">
      <![CDATA[java.lang.AssertionError: The following asserts failed:
Some different reason is displaying expected [true] but found [false]
at languages.Languages.mIKO_LANG_003_LanguagesTests(Languages.java:94)
at java.base/java.util.ArrayList.forEach(ArrayList.java:1511)
... Removed 29 stack frames]]>
    </failure>
  </testcase> <!-- mIKO_LANG_003_LanguagesTests -->
  <testcase classname="authentication.LoginOrderId" name="mIKO_AUTH_001_LoginOrderIdTests" time="4.488"/>
  <testcase classname="authentication.LoginOrderId" name="mIKO_AUTH_002_LoginOrderIdTests" time="2.649"/>
  <testcase classname="authentication.LoginOrderId" name="mIKO_AUTH_003_LoginOrderIdTests" time="0.912"/>
  <testcase classname="authentication.LoginOrderId" name="mIKO_AUTH_004_LoginOrderIdTests" time="0.543"/>
  <testcase classname="authentication.LoginOrderId" name="mIKO_AUTH_005_LoginOrderIdTests" time="0.55"/>
  <testcase classname="authentication.LoginOrderId" name="mIKO_AUTH_006_LoginOrderIdTests" time="1.215"/>
  <testcase classname="authentication.LoginOrderId" name="mIKO_AUTH_007_LoginOrderIdTests" time="1.234"/>
  <testcase classname="authentication.LoginOrderId" name="mIKO_AUTH_008_LoginOrderIdTests" time="0.882"/>
  <testcase classname="authentication.LoginOrderId" name="mIKO_AUTH_009_LoginOrderIdTests" time="0.858"/>
  <testcase classname="authentication.LoginOrderId" name="mIKO_AUTH_010_LoginOrderIdTests" time="1.625"/>
  <testcase classname="authentication.LoginOrderId" name="mIKO_AUTH_011_LoginOrderIdTests" time="0.821"/>
  <testcase classname="authentication.LoginOrderId" name="mIKO_AUTH_012_LoginOrderIdTests" time="0.823"/>
  <testcase classname="authentication.LoginOrderId" name="mIKO_AUTH_013_LoginOrderIdTests" time="0.859"/>
  <testcase classname="authentication.LoginOrderId" name="mIKO_AUTH_014_LoginOrderIdTests" time="0.853"/>
  <testcase classname="authentication.LoginOrderId" name="mIKO_AUTH_015_LoginOrderIdTests" time="0.858"/>
  <testcase classname="config.DashboardHome" name="mIKO_CONFIG_015_DashboardHomeTests" time="0.002">
    <failure type="java.lang.IllegalArgumentException" message="Header value cannot be null">
      <![CDATA[java.lang.IllegalArgumentException: Header value cannot be null
at org.codehaus.groovy.runtime.callsite.ConstructorSite$ConstructorSiteNoUnwrap.callConstructor(ConstructorSite.java:84)
at org.codehaus.groovy.runtime.callsite.AbstractCallSite.callConstructor(AbstractCallSite.java:277)
at io.restassured.internal.common.assertion.AssertParameter.notNull(AssertParameter.groovy:26)
at io.restassured.internal.common.assertion.AssertParameter$notNull.callStatic(Unknown Source)
at org.codehaus.groovy.runtime.callsite.CallSiteArray.defaultCallStatic(CallSiteArray.java:55)
at io.restassured.internal.common.assertion.AssertParameter$notNull.callStatic(Unknown Source)
at io.restassured.internal.RequestSpecificationImpl.header(RequestSpecificationImpl.groovy:843)
at config.DashboardHome.mIKO_CONFIG_015_DashboardHomeTests(DashboardHome.java:47)
at java.base/java.util.ArrayList.forEach(ArrayList.java:1511)
... Removed 34 stack frames]]>
    </failure>
  </testcase> <!-- mIKO_CONFIG_015_DashboardHomeTests -->
  <testcase classname="config.DashboardHome" name="mIKO_CONFIG_016_DashboardHomeTests" time="0.001">
    <failure type="java.lang.IllegalArgumentException" message="Header value cannot be null">
      <![CDATA[java.lang.IllegalArgumentException: Header value cannot be null
at org.codehaus.groovy.runtime.callsite.ConstructorSite$ConstructorSiteNoUnwrap.callConstructor(ConstructorSite.java:84)
at org.codehaus.groovy.runtime.callsite.AbstractCallSite.callConstructor(AbstractCallSite.java:277)
at io.restassured.internal.common.assertion.AssertParameter.notNull(AssertParameter.groovy:26)
at io.restassured.internal.common.assertion.AssertParameter$notNull.callStatic(Unknown Source)
at io.restassured.internal.RequestSpecificationImpl.header(RequestSpecificationImpl.groovy:843)
at config.DashboardHome.mIKO_CONFIG_016_DashboardHomeTests(DashboardHome.java:70)
at java.base/java.util.ArrayList.forEach(ArrayList.java:1511)
... Removed 34 stack frames]]>
    </failure>
  </testcase> <!-- mIKO_CONFIG_016_DashboardHomeTests -->
  <testcase classname="config.DashboardHome" name="mIKO_CONFIG_017_DashboardHomeTests" time="0.001">
    <failure type="java.lang.IllegalArgumentException" message="Header value cannot be null">
      <![CDATA[java.lang.IllegalArgumentException: Header value cannot be null
at org.codehaus.groovy.runtime.callsite.ConstructorSite$ConstructorSiteNoUnwrap.callConstructor(ConstructorSite.java:84)
at org.codehaus.groovy.runtime.callsite.AbstractCallSite.callConstructor(AbstractCallSite.java:277)
at io.restassured.internal.common.assertion.AssertParameter.notNull(AssertParameter.groovy:26)
at io.restassured.internal.common.assertion.AssertParameter$notNull.callStatic(Unknown Source)
at io.restassured.internal.RequestSpecificationImpl.header(RequestSpecificationImpl.groovy:843)
at config.DashboardHome.mIKO_CONFIG_017_DashboardHomeTests(DashboardHome.java:91)
at java.base/java.util.ArrayList.forEach(ArrayList.java:1511)
... Removed 34 stack frames]]>
    </failure>
  </testcase> <!-- mIKO_CONFIG_017_DashboardHomeTests -->
  <testcase classname="config.DashboardHome" name="mIKO_CONFIG_018_DashboardHomeTests" time="0.856"/>
  <testcase classname="config.DashboardHome" name="mIKO_CONFIG_019_DashboardHomeTests" time="0.829">
    <failure type="java.lang.AssertionError" message="The following asserts failed:
	Response showing diffenent message expected [Invalid signature] but found [Please provide a valid authorization header]">
      <![CDATA[java.lang.AssertionError: The following asserts failed:
Response showing diffenent message expected [Invalid signature] but found [Please provide a valid authorization header]
at config.DashboardHome.mIKO_CONFIG_019_DashboardHomeTests(DashboardHome.java:139)
at java.base/java.util.ArrayList.forEach(ArrayList.java:1511)
... Removed 29 stack frames]]>
    </failure>
  </testcase> <!-- mIKO_CONFIG_019_DashboardHomeTests -->
  <testcase classname="authentication.Register" name="mIKO_AUTH_028_RegisterTests" time="0.838">
    <failure type="java.lang.AssertionError" message="The following asserts failed:
	Response showing different status code. expected [200] but found [422],
	Response showing different status message. expected [true] but found [false],
	Response showing different mobile no expected [+919555555555] but found [null],
	Response showing different message expected [Otp sent successfully] but found [null]">
      <![CDATA[java.lang.AssertionError: The following asserts failed:
Response showing different status code. expected [200] but found [422],
Response showing different status message. expected [true] but found [false],
Response showing different mobile no expected [+919555555555] but found [null],
Response showing different message expected [Otp sent successfully] but found [null]
at authentication.Register.mIKO_AUTH_028_RegisterTests(Register.java:52)
at java.base/java.util.ArrayList.forEach(ArrayList.java:1511)
... Removed 29 stack frames]]>
    </failure>
  </testcase> <!-- mIKO_AUTH_028_RegisterTests -->
  <testcase classname="authentication.Register" name="mIKO_AUTH_029_RegisterTests" time="0.875">
    <failure type="java.lang.AssertionError" message="The following asserts failed:
	Response showing different status code. expected [200] but found [422],
	Response showing different status message. expected [true] but found [false],
	Response showing different mobile no expected [+919555555555] but found [null],
	Response showing different message expected [Otp sent successfully] but found [null],
	Response showing different status code. expected [200] but found [422],
	Response showing different status message. expected [true] but found [false],
	Response showing different email address expected [user05@testing.com] but found [null],
	Response showing different message expected [Otp sent successfully] but found [null]">
      <![CDATA[java.lang.AssertionError: The following asserts failed:
Response showing different status code. expected [200] but found [422],
Response showing different status message. expected [true] but found [false],
Response showing different mobile no expected [+919555555555] but found [null],
Response showing different message expected [Otp sent successfully] but found [null],
Response showing different status code. expected [200] but found [422],
Response showing different status message. expected [true] but found [false],
Response showing different email address expected [user05@testing.com] but found [null],
Response showing different message expected [Otp sent successfully] but found [null]
at authentication.Register.mIKO_AUTH_029_RegisterTests(Register.java:77)
at java.base/java.util.ArrayList.forEach(ArrayList.java:1511)
... Removed 29 stack frames]]>
    </failure>
  </testcase> <!-- mIKO_AUTH_029_RegisterTests -->
  <testcase classname="authentication.Register" name="mIKO_AUTH_030_RegisterTests" time="0.941">
    <failure type="java.lang.AssertionError" message="The following asserts failed:
	Response showing different status code. expected [200] but found [422],
	Response showing different status message. expected [true] but found [false],
	Response showing different mobile no expected [+919555555555] but found [null],
	Response showing different message expected [Otp sent successfully] but found [null],
	Response showing different status code. expected [200] but found [422],
	Response showing different status message. expected [true] but found [false],
	Response showing different email address expected [user05@testing.com] but found [null],
	Response showing different message expected [Otp sent successfully] but found [null],
	Response showing different status code. expected [200] but found [422],
	Response showing different status message. expected [true] but found [false],
	Response showing different phone no . expected [+919555555555] but found [null],
	Response showing different email address expected [user05@testing.com] but found [null],
	Response showing different message expected [Otp sent successfully] but found [null]">
      <![CDATA[java.lang.AssertionError: The following asserts failed:
Response showing different status code. expected [200] but found [422],
Response showing different status message. expected [true] but found [false],
Response showing different mobile no expected [+919555555555] but found [null],
Response showing different message expected [Otp sent successfully] but found [null],
Response showing different status code. expected [200] but found [422],
Response showing different status message. expected [true] but found [false],
Response showing different email address expected [user05@testing.com] but found [null],
Response showing different message expected [Otp sent successfully] but found [null],
Response showing different status code. expected [200] but found [422],
Response showing different status message. expected [true] but found [false],
Response showing different phone no . expected [+919555555555] but found [null],
Response showing different email address expected [user05@testing.com] but found [null],
Response showing different message expected [Otp sent successfully] but found [null]
at authentication.Register.mIKO_AUTH_030_RegisterTests(Register.java:104)
at java.base/java.util.ArrayList.forEach(ArrayList.java:1511)
... Removed 29 stack frames]]>
    </failure>
  </testcase> <!-- mIKO_AUTH_030_RegisterTests -->
  <testcase classname="authentication.Register" name="mIKO_AUTH_031_RegisterTests" time="0.861">
    <failure type="java.lang.AssertionError" message="The following asserts failed:
	Response showing different status code. expected [200] but found [422],
	Response showing different status message. expected [true] but found [false],
	Response showing different mobile no expected [+919555555555] but found [null],
	Response showing different message expected [Otp sent successfully] but found [null],
	Response showing different status code. expected [200] but found [422],
	Response showing different status message. expected [true] but found [false],
	Response showing different email address expected [user05@testing.com] but found [null],
	Response showing different message expected [Otp sent successfully] but found [null],
	Response showing different status code. expected [200] but found [422],
	Response showing different status message. expected [true] but found [false],
	Response showing different phone no . expected [+919555555555] but found [null],
	Response showing different email address expected [user05@testing.com] but found [null],
	Response showing different message expected [Otp sent successfully] but found [null],
	Response showing different status code. expected [200] but found [422],
	Response showing different status message. expected [true] but found [false],
	Response showing different phone no . expected [+919555555555] but found [null],
	Response showing different email address expected [user05@testing.com] but found [null],
	Response showing First name expected [Test] but found [null],
	Response showing different Last name expected [Ing] but found [null],
	Response showing different message expected [Otp sent successfully] but found [null]">
      <![CDATA[java.lang.AssertionError: The following asserts failed:
Response showing different status code. expected [200] but found [422],
Response showing different status message. expected [true] but found [false],
Response showing different mobile no expected [+919555555555] but found [null],
Response showing different message expected [Otp sent successfully] but found [null],
Response showing different status code. expected [200] but found [422],
Response showing different status message. expected [true] but found [false],
Response showing different email address expected [user05@testing.com] but found [null],
Response showing different message expected [Otp sent successfully] but found [null],
Response showing different status code. expected [200] but found [422],
Response showing different status message. expected [true] but found [false],
Response showing different phone no . expected [+919555555555] but found [null],
Response showing different email address expected [user05@testing.com] but found [null],
Response showing different message expected [Otp sent successfully] but found [null],
Response showing different status code. expected [200] but found [422],
Response showing different status message. expected [true] but found [false],
Response showing different phone no . expected [+919555555555] but found [null],
Response showing different email address expected [user05@testing.com] but found [null],
Response showing First name expected [Test] but found [null],
Response showing different Last name expected [Ing] but found [null],
Response showing different message expected [Otp sent successfully] but found [null]
at authentication.Register.mIKO_AUTH_031_RegisterTests(Register.java:134)
at java.base/java.util.ArrayList.forEach(ArrayList.java:1511)
... Removed 29 stack frames]]>
    </failure>
  </testcase> <!-- mIKO_AUTH_031_RegisterTests -->
  <testcase classname="authentication.Register" name="mIKO_AUTH_032_RegisterTests" time="0.857">
    <failure type="java.lang.AssertionError" message="The following asserts failed:
	Response showing different status code. expected [200] but found [422],
	Response showing different status message. expected [true] but found [false],
	Response showing different mobile no expected [+919555555555] but found [null],
	Response showing different message expected [Otp sent successfully] but found [null],
	Response showing different status code. expected [200] but found [422],
	Response showing different status message. expected [true] but found [false],
	Response showing different email address expected [user05@testing.com] but found [null],
	Response showing different message expected [Otp sent successfully] but found [null],
	Response showing different status code. expected [200] but found [422],
	Response showing different status message. expected [true] but found [false],
	Response showing different phone no . expected [+919555555555] but found [null],
	Response showing different email address expected [user05@testing.com] but found [null],
	Response showing different message expected [Otp sent successfully] but found [null],
	Response showing different status code. expected [200] but found [422],
	Response showing different status message. expected [true] but found [false],
	Response showing different phone no . expected [+919555555555] but found [null],
	Response showing different email address expected [user05@testing.com] but found [null],
	Response showing First name expected [Test] but found [null],
	Response showing different Last name expected [Ing] but found [null],
	Response showing different message expected [Otp sent successfully] but found [null],
	Response showing different message expected [email_phone_of_diff_user] but found [null]">
      <![CDATA[java.lang.AssertionError: The following asserts failed:
Response showing different status code. expected [200] but found [422],
Response showing different status message. expected [true] but found [false],
Response showing different mobile no expected [+919555555555] but found [null],
Response showing different message expected [Otp sent successfully] but found [null],
Response showing different status code. expected [200] but found [422],
Response showing different status message. expected [true] but found [false],
Response showing different email address expected [user05@testing.com] but found [null],
Response showing different message expected [Otp sent successfully] but found [null],
Response showing different status code. expected [200] but found [422],
Response showing different status message. expected [true] but found [false],
Response showing different phone no . expected [+919555555555] but found [null],
Response showing different email address expected [user05@testing.com] but found [null],
Response showing different message expected [Otp sent successfully] but found [null],
Response showing different status code. expected [200] but found [422],
Response showing different status message. expected [true] but found [false],
Response showing different phone no . expected [+919555555555] but found [null],
Response showing different email address expected [user05@testing.com] but found [null],
Response showing First name expected [Test] but found [null],
Response showing different Last name expected [Ing] but found [null],
Response showing different message expected [Otp sent successfully] but found [null],
Response showing different message expected [email_phone_of_diff_user] but found [null]
at authentication.Register.mIKO_AUTH_032_RegisterTests(Register.java:159)
at java.base/java.util.ArrayList.forEach(ArrayList.java:1511)
... Removed 29 stack frames]]>
    </failure>
  </testcase> <!-- mIKO_AUTH_032_RegisterTests -->
  <testcase classname="authentication.Register" name="mIKO_AUTH_033_RegisterTests" time="0.878">
    <failure type="java.lang.AssertionError" message="The following asserts failed:
	Response showing different status code. expected [200] but found [422],
	Response showing different status message. expected [true] but found [false],
	Response showing different mobile no expected [+919555555555] but found [null],
	Response showing different message expected [Otp sent successfully] but found [null],
	Response showing different status code. expected [200] but found [422],
	Response showing different status message. expected [true] but found [false],
	Response showing different email address expected [user05@testing.com] but found [null],
	Response showing different message expected [Otp sent successfully] but found [null],
	Response showing different status code. expected [200] but found [422],
	Response showing different status message. expected [true] but found [false],
	Response showing different phone no . expected [+919555555555] but found [null],
	Response showing different email address expected [user05@testing.com] but found [null],
	Response showing different message expected [Otp sent successfully] but found [null],
	Response showing different status code. expected [200] but found [422],
	Response showing different status message. expected [true] but found [false],
	Response showing different phone no . expected [+919555555555] but found [null],
	Response showing different email address expected [user05@testing.com] but found [null],
	Response showing First name expected [Test] but found [null],
	Response showing different Last name expected [Ing] but found [null],
	Response showing different message expected [Otp sent successfully] but found [null],
	Response showing different message expected [email_phone_of_diff_user] but found [null],
	Response showing different message expected [email_phone_of_diff_user] but found [null]">
      <![CDATA[java.lang.AssertionError: The following asserts failed:
Response showing different status code. expected [200] but found [422],
Response showing different status message. expected [true] but found [false],
Response showing different mobile no expected [+919555555555] but found [null],
Response showing different message expected [Otp sent successfully] but found [null],
Response showing different status code. expected [200] but found [422],
Response showing different status message. expected [true] but found [false],
Response showing different email address expected [user05@testing.com] but found [null],
Response showing different message expected [Otp sent successfully] but found [null],
Response showing different status code. expected [200] but found [422],
Response showing different status message. expected [true] but found [false],
Response showing different phone no . expected [+919555555555] but found [null],
Response showing different email address expected [user05@testing.com] but found [null],
Response showing different message expected [Otp sent successfully] but found [null],
Response showing different status code. expected [200] but found [422],
Response showing different status message. expected [true] but found [false],
Response showing different phone no . expected [+919555555555] but found [null],
Response showing different email address expected [user05@testing.com] but found [null],
Response showing First name expected [Test] but found [null],
Response showing different Last name expected [Ing] but found [null],
Response showing different message expected [Otp sent successfully] but found [null],
Response showing different message expected [email_phone_of_diff_user] but found [null],
Response showing different message expected [email_phone_of_diff_user] but found [null]
at authentication.Register.mIKO_AUTH_033_RegisterTests(Register.java:182)
at java.base/java.util.ArrayList.forEach(ArrayList.java:1511)
... Removed 29 stack frames]]>
    </failure>
  </testcase> <!-- mIKO_AUTH_033_RegisterTests -->
  <testcase classname="authentication.Register" name="mIKO_AUTH_034_RegisterTests" time="0.932">
    <failure type="java.lang.AssertionError" message="The following asserts failed:
	Response showing different status code. expected [200] but found [422],
	Response showing different status message. expected [true] but found [false],
	Response showing different mobile no expected [+919555555555] but found [null],
	Response showing different message expected [Otp sent successfully] but found [null],
	Response showing different status code. expected [200] but found [422],
	Response showing different status message. expected [true] but found [false],
	Response showing different email address expected [user05@testing.com] but found [null],
	Response showing different message expected [Otp sent successfully] but found [null],
	Response showing different status code. expected [200] but found [422],
	Response showing different status message. expected [true] but found [false],
	Response showing different phone no . expected [+919555555555] but found [null],
	Response showing different email address expected [user05@testing.com] but found [null],
	Response showing different message expected [Otp sent successfully] but found [null],
	Response showing different status code. expected [200] but found [422],
	Response showing different status message. expected [true] but found [false],
	Response showing different phone no . expected [+919555555555] but found [null],
	Response showing different email address expected [user05@testing.com] but found [null],
	Response showing First name expected [Test] but found [null],
	Response showing different Last name expected [Ing] but found [null],
	Response showing different message expected [Otp sent successfully] but found [null],
	Response showing different message expected [email_phone_of_diff_user] but found [null],
	Response showing different message expected [email_phone_of_diff_user] but found [null]">
      <![CDATA[java.lang.AssertionError: The following asserts failed:
Response showing different status code. expected [200] but found [422],
Response showing different status message. expected [true] but found [false],
Response showing different mobile no expected [+919555555555] but found [null],
Response showing different message expected [Otp sent successfully] but found [null],
Response showing different status code. expected [200] but found [422],
Response showing different status message. expected [true] but found [false],
Response showing different email address expected [user05@testing.com] but found [null],
Response showing different message expected [Otp sent successfully] but found [null],
Response showing different status code. expected [200] but found [422],
Response showing different status message. expected [true] but found [false],
Response showing different phone no . expected [+919555555555] but found [null],
Response showing different email address expected [user05@testing.com] but found [null],
Response showing different message expected [Otp sent successfully] but found [null],
Response showing different status code. expected [200] but found [422],
Response showing different status message. expected [true] but found [false],
Response showing different phone no . expected [+919555555555] but found [null],
Response showing different email address expected [user05@testing.com] but found [null],
Response showing First name expected [Test] but found [null],
Response showing different Last name expected [Ing] but found [null],
Response showing different message expected [Otp sent successfully] but found [null],
Response showing different message expected [email_phone_of_diff_user] but found [null],
Response showing different message expected [email_phone_of_diff_user] but found [null]
at authentication.Register.mIKO_AUTH_034_RegisterTests(Register.java:203)
at java.base/java.util.ArrayList.forEach(ArrayList.java:1511)
... Removed 29 stack frames]]>
    </failure>
  </testcase> <!-- mIKO_AUTH_034_RegisterTests -->
  <testcase classname="authentication.Register" name="mIKO_AUTH_035_RegisterTests" time="1.09">
    <failure type="java.lang.AssertionError" message="The following asserts failed:
	Response showing different status code. expected [200] but found [422],
	Response showing different status message. expected [true] but found [false],
	Response showing different mobile no expected [+919555555555] but found [null],
	Response showing different message expected [Otp sent successfully] but found [null],
	Response showing different status code. expected [200] but found [422],
	Response showing different status message. expected [true] but found [false],
	Response showing different email address expected [user05@testing.com] but found [null],
	Response showing different message expected [Otp sent successfully] but found [null],
	Response showing different status code. expected [200] but found [422],
	Response showing different status message. expected [true] but found [false],
	Response showing different phone no . expected [+919555555555] but found [null],
	Response showing different email address expected [user05@testing.com] but found [null],
	Response showing different message expected [Otp sent successfully] but found [null],
	Response showing different status code. expected [200] but found [422],
	Response showing different status message. expected [true] but found [false],
	Response showing different phone no . expected [+919555555555] but found [null],
	Response showing different email address expected [user05@testing.com] but found [null],
	Response showing First name expected [Test] but found [null],
	Response showing different Last name expected [Ing] but found [null],
	Response showing different message expected [Otp sent successfully] but found [null],
	Response showing different message expected [email_phone_of_diff_user] but found [null],
	Response showing different message expected [email_phone_of_diff_user] but found [null]">
      <![CDATA[java.lang.AssertionError: The following asserts failed:
Response showing different status code. expected [200] but found [422],
Response showing different status message. expected [true] but found [false],
Response showing different mobile no expected [+919555555555] but found [null],
Response showing different message expected [Otp sent successfully] but found [null],
Response showing different status code. expected [200] but found [422],
Response showing different status message. expected [true] but found [false],
Response showing different email address expected [user05@testing.com] but found [null],
Response showing different message expected [Otp sent successfully] but found [null],
Response showing different status code. expected [200] but found [422],
Response showing different status message. expected [true] but found [false],
Response showing different phone no . expected [+919555555555] but found [null],
Response showing different email address expected [user05@testing.com] but found [null],
Response showing different message expected [Otp sent successfully] but found [null],
Response showing different status code. expected [200] but found [422],
Response showing different status message. expected [true] but found [false],
Response showing different phone no . expected [+919555555555] but found [null],
Response showing different email address expected [user05@testing.com] but found [null],
Response showing First name expected [Test] but found [null],
Response showing different Last name expected [Ing] but found [null],
Response showing different message expected [Otp sent successfully] but found [null],
Response showing different message expected [email_phone_of_diff_user] but found [null],
Response showing different message expected [email_phone_of_diff_user] but found [null]
at authentication.Register.mIKO_AUTH_035_RegisterTests(Register.java:222)
at java.base/java.util.ArrayList.forEach(ArrayList.java:1511)
... Removed 29 stack frames]]>
    </failure>
  </testcase> <!-- mIKO_AUTH_035_RegisterTests -->
  <testcase classname="authentication.Register" name="mIKO_AUTH_036_RegisterTests" time="0.894">
    <failure type="java.lang.AssertionError" message="The following asserts failed:
	Response showing different status code. expected [200] but found [422],
	Response showing different status message. expected [true] but found [false],
	Response showing different mobile no expected [+919555555555] but found [null],
	Response showing different message expected [Otp sent successfully] but found [null],
	Response showing different status code. expected [200] but found [422],
	Response showing different status message. expected [true] but found [false],
	Response showing different email address expected [user05@testing.com] but found [null],
	Response showing different message expected [Otp sent successfully] but found [null],
	Response showing different status code. expected [200] but found [422],
	Response showing different status message. expected [true] but found [false],
	Response showing different phone no . expected [+919555555555] but found [null],
	Response showing different email address expected [user05@testing.com] but found [null],
	Response showing different message expected [Otp sent successfully] but found [null],
	Response showing different status code. expected [200] but found [422],
	Response showing different status message. expected [true] but found [false],
	Response showing different phone no . expected [+919555555555] but found [null],
	Response showing different email address expected [user05@testing.com] but found [null],
	Response showing First name expected [Test] but found [null],
	Response showing different Last name expected [Ing] but found [null],
	Response showing different message expected [Otp sent successfully] but found [null],
	Response showing different message expected [email_phone_of_diff_user] but found [null],
	Response showing different message expected [email_phone_of_diff_user] but found [null]">
      <![CDATA[java.lang.AssertionError: The following asserts failed:
Response showing different status code. expected [200] but found [422],
Response showing different status message. expected [true] but found [false],
Response showing different mobile no expected [+919555555555] but found [null],
Response showing different message expected [Otp sent successfully] but found [null],
Response showing different status code. expected [200] but found [422],
Response showing different status message. expected [true] but found [false],
Response showing different email address expected [user05@testing.com] but found [null],
Response showing different message expected [Otp sent successfully] but found [null],
Response showing different status code. expected [200] but found [422],
Response showing different status message. expected [true] but found [false],
Response showing different phone no . expected [+919555555555] but found [null],
Response showing different email address expected [user05@testing.com] but found [null],
Response showing different message expected [Otp sent successfully] but found [null],
Response showing different status code. expected [200] but found [422],
Response showing different status message. expected [true] but found [false],
Response showing different phone no . expected [+919555555555] but found [null],
Response showing different email address expected [user05@testing.com] but found [null],
Response showing First name expected [Test] but found [null],
Response showing different Last name expected [Ing] but found [null],
Response showing different message expected [Otp sent successfully] but found [null],
Response showing different message expected [email_phone_of_diff_user] but found [null],
Response showing different message expected [email_phone_of_diff_user] but found [null]
at authentication.Register.mIKO_AUTH_036_RegisterTests(Register.java:243)
at java.base/java.util.ArrayList.forEach(ArrayList.java:1511)
... Removed 29 stack frames]]>
    </failure>
  </testcase> <!-- mIKO_AUTH_036_RegisterTests -->
  <testcase classname="authentication.Register" name="mIKO_AUTH_037_RegisterTests" time="0.887">
    <failure type="java.lang.AssertionError" message="The following asserts failed:
	Response showing different status code. expected [200] but found [422],
	Response showing different status message. expected [true] but found [false],
	Response showing different mobile no expected [+919555555555] but found [null],
	Response showing different message expected [Otp sent successfully] but found [null],
	Response showing different status code. expected [200] but found [422],
	Response showing different status message. expected [true] but found [false],
	Response showing different email address expected [user05@testing.com] but found [null],
	Response showing different message expected [Otp sent successfully] but found [null],
	Response showing different status code. expected [200] but found [422],
	Response showing different status message. expected [true] but found [false],
	Response showing different phone no . expected [+919555555555] but found [null],
	Response showing different email address expected [user05@testing.com] but found [null],
	Response showing different message expected [Otp sent successfully] but found [null],
	Response showing different status code. expected [200] but found [422],
	Response showing different status message. expected [true] but found [false],
	Response showing different phone no . expected [+919555555555] but found [null],
	Response showing different email address expected [user05@testing.com] but found [null],
	Response showing First name expected [Test] but found [null],
	Response showing different Last name expected [Ing] but found [null],
	Response showing different message expected [Otp sent successfully] but found [null],
	Response showing different message expected [email_phone_of_diff_user] but found [null],
	Response showing different message expected [email_phone_of_diff_user] but found [null]">
      <![CDATA[java.lang.AssertionError: The following asserts failed:
Response showing different status code. expected [200] but found [422],
Response showing different status message. expected [true] but found [false],
Response showing different mobile no expected [+919555555555] but found [null],
Response showing different message expected [Otp sent successfully] but found [null],
Response showing different status code. expected [200] but found [422],
Response showing different status message. expected [true] but found [false],
Response showing different email address expected [user05@testing.com] but found [null],
Response showing different message expected [Otp sent successfully] but found [null],
Response showing different status code. expected [200] but found [422],
Response showing different status message. expected [true] but found [false],
Response showing different phone no . expected [+919555555555] but found [null],
Response showing different email address expected [user05@testing.com] but found [null],
Response showing different message expected [Otp sent successfully] but found [null],
Response showing different status code. expected [200] but found [422],
Response showing different status message. expected [true] but found [false],
Response showing different phone no . expected [+919555555555] but found [null],
Response showing different email address expected [user05@testing.com] but found [null],
Response showing First name expected [Test] but found [null],
Response showing different Last name expected [Ing] but found [null],
Response showing different message expected [Otp sent successfully] but found [null],
Response showing different message expected [email_phone_of_diff_user] but found [null],
Response showing different message expected [email_phone_of_diff_user] but found [null]
at authentication.Register.mIKO_AUTH_037_RegisterTests(Register.java:264)
at java.base/java.util.ArrayList.forEach(ArrayList.java:1511)
... Removed 29 stack frames]]>
    </failure>
  </testcase> <!-- mIKO_AUTH_037_RegisterTests -->
  <testcase classname="authentication.Register" name="mIKO_AUTH_038_RegisterTests" time="0.825">
    <failure type="java.lang.AssertionError" message="The following asserts failed:
	Response showing different status code. expected [200] but found [422],
	Response showing different status message. expected [true] but found [false],
	Response showing different mobile no expected [+919555555555] but found [null],
	Response showing different message expected [Otp sent successfully] but found [null],
	Response showing different status code. expected [200] but found [422],
	Response showing different status message. expected [true] but found [false],
	Response showing different email address expected [user05@testing.com] but found [null],
	Response showing different message expected [Otp sent successfully] but found [null],
	Response showing different status code. expected [200] but found [422],
	Response showing different status message. expected [true] but found [false],
	Response showing different phone no . expected [+919555555555] but found [null],
	Response showing different email address expected [user05@testing.com] but found [null],
	Response showing different message expected [Otp sent successfully] but found [null],
	Response showing different status code. expected [200] but found [422],
	Response showing different status message. expected [true] but found [false],
[...]
	Response showing different mobile no expected [user05@testing.com] but found [null],
	Response showing different status code. expected [400] but found [422],
	Response showing different status message expected [true] but found [false],
	Response showing different message expected [Incorrect or expired OTP code] but found [null],
	Response showing different status Code expected [400] but found [422],
	Response showing different status message expected [true] but found [false],
	Response showing different message expected [Incorrect or expired OTP code] but found [null],
	Verifying the Status code expected [400] but found [422],
	Response showing different status message expected [true] but found [false],
	Response showing different message expected [Incorrect or expired OTP code] but found [null]">
      <![CDATA[java.lang.AssertionError: The following asserts failed:
Response showing different Status Code expected [200] but found [422],
Response showing different Status message expected [true] but found [false],
Response showing different mobile no expected [+919555555555] but found [null],
Response showing different Status Code expected [200] but found [400],
Response showing different Status message expected [true] but found [false],
Response showing different mobile no expected [user05@testing.com] but found [null],
Response showing different status code. expected [400] but found [422],
Response showing different status message expected [true] but found [false],
Response showing different message expected [Incorrect or expired OTP code] but found [null],
Response showing different status Code expected [400] but found [422],
Response showing different status message expected [true] but found [false],
Response showing different message expected [Incorrect or expired OTP code] but found [null],
Verifying the Status code expected [400] but found [422],
Response showing different status message expected [true] but found [false],
Response showing different message expected [Incorrect or expired OTP code] but found [null]
at authentication.VerifyOTP.mIKO_AUTH_022_VerifyOTPTests(VerifyOTP.java:189)
at java.base/java.util.ArrayList.forEach(ArrayList.java:1511)
... Removed 29 stack frames]]>
    </failure>
  </testcase> <!-- mIKO_AUTH_022_VerifyOTPTests -->
  <testcase classname="authentication.VerifyOTP" name="mIKO_AUTH_024_VerifyOTPTests" time="0.848">
    <failure type="java.lang.AssertionError" message="The following asserts failed:
	Response showing different Status Code expected [200] but found [422],
	Response showing different Status message expected [true] but found [false],
	Response showing different mobile no expected [+919555555555] but found [null],
	Response showing different Status Code expected [200] but found [400],
	Response showing different Status message expected [true] but found [false],
	Response showing different mobile no expected [user05@testing.com] but found [null],
	Response showing different status code. expected [400] but found [422],
	Response showing different status message expected [true] but found [false],
	Response showing different message expected [Incorrect or expired OTP code] but found [null],
	Response showing different status Code expected [400] but found [422],
	Response showing different status message expected [true] but found [false],
	Response showing different message expected [Incorrect or expired OTP code] but found [null],
	Verifying the Status code expected [400] but found [422],
	Response showing different status message expected [true] but found [false],
	Response showing different message expected [Incorrect or expired OTP code] but found [null]">
      <![CDATA[java.lang.AssertionError: The following asserts failed:
Response showing different Status Code expected [200] but found [422],
Response showing different Status message expected [true] but found [false],
Response showing different mobile no expected [+919555555555] but found [null],
Response showing different Status Code expected [200] but found [400],
Response showing different Status message expected [true] but found [false],
Response showing different mobile no expected [user05@testing.com] but found [null],
Response showing different status code. expected [400] but found [422],
Response showing different status message expected [true] but found [false],
Response showing different message expected [Incorrect or expired OTP code] but found [null],
Response showing different status Code expected [400] but found [422],
Response showing different status message expected [true] but found [false],
Response showing different message expected [Incorrect or expired OTP code] but found [null],
Verifying the Status code expected [400] but found [422],
Response showing different status message expected [true] but found [false],
Response showing different message expected [Incorrect or expired OTP code] but found [null]
at authentication.VerifyOTP.mIKO_AUTH_024_VerifyOTPTests(VerifyOTP.java:230)
at java.base/java.util.ArrayList.forEach(ArrayList.java:1511)
... Removed 29 stack frames]]>
    </failure>
  </testcase> <!-- mIKO_AUTH_024_VerifyOTPTests -->
  <testcase classname="authentication.VerifyOTP" name="mIKO_AUTH_025_VerifyOTPTests" time="0.906">
    <failure type="java.lang.AssertionError" message="The following asserts failed:
	Response showing different Status Code expected [200] but found [422],
	Response showing different Status message expected [true] but found [false],
	Response showing different mobile no expected [+919555555555] but found [null],
	Response showing different Status Code expected [200] but found [400],
	Response showing different Status message expected [true] but found [false],
	Response showing different mobile no expected [user05@testing.com] but found [null],
	Response showing different status code. expected [400] but found [422],
	Response showing different status message expected [true] but found [false],
	Response showing different message expected [Incorrect or expired OTP code] but found [null],
	Response showing different status Code expected [400] but found [422],
	Response showing different status message expected [true] but found [false],
	Response showing different message expected [Incorrect or expired OTP code] but found [null],
	Verifying the Status code expected [400] but found [422],
	Response showing different status message expected [true] but found [false],
	Response showing different message expected [Incorrect or expired OTP code] but found [null]">
      <![CDATA[java.lang.AssertionError: The following asserts failed:
Response showing different Status Code expected [200] but found [422],
Response showing different Status message expected [true] but found [false],
Response showing different mobile no expected [+919555555555] but found [null],
Response showing different Status Code expected [200] but found [400],
Response showing different Status message expected [true] but found [false],
Response showing different mobile no expected [user05@testing.com] but found [null],
Response showing different status code. expected [400] but found [422],
Response showing different status message expected [true] but found [false],
Response showing different message expected [Incorrect or expired OTP code] but found [null],
Response showing different status Code expected [400] but found [422],
Response showing different status message expected [true] but found [false],
Response showing different message expected [Incorrect or expired OTP code] but found [null],
Verifying the Status code expected [400] but found [422],
Response showing different status message expected [true] but found [false],
Response showing different message expected [Incorrect or expired OTP code] but found [null]
at authentication.VerifyOTP.mIKO_AUTH_025_VerifyOTPTests(VerifyOTP.java:251)
at java.base/java.util.ArrayList.forEach(ArrayList.java:1511)
... Removed 29 stack frames]]>
    </failure>
  </testcase> <!-- mIKO_AUTH_025_VerifyOTPTests -->
  <testcase classname="authentication.VerifyOTP" name="mIKO_AUTH_026_VerifyOTPTests" time="0.843">
    <failure type="java.lang.AssertionError" message="The following asserts failed:
	Response showing different Status Code expected [200] but found [422],
	Response showing different Status message expected [true] but found [false],
	Response showing different mobile no expected [+919555555555] but found [null],
	Response showing different Status Code expected [200] but found [400],
	Response showing different Status message expected [true] but found [false],
	Response showing different mobile no expected [user05@testing.com] but found [null],
	Response showing different status code. expected [400] but found [422],
	Response showing different status message expected [true] but found [false],
	Response showing different message expected [Incorrect or expired OTP code] but found [null],
	Response showing different status Code expected [400] but found [422],
	Response showing different status message expected [true] but found [false],
	Response showing different message expected [Incorrect or expired OTP code] but found [null],
	Verifying the Status code expected [400] but found [422],
	Response showing different status message expected [true] but found [false],
	Response showing different message expected [Incorrect or expired OTP code] but found [null]">
      <![CDATA[java.lang.AssertionError: The following asserts failed:
Response showing different Status Code expected [200] but found [422],
Response showing different Status message expected [true] but found [false],
Response showing different mobile no expected [+919555555555] but found [null],
Response showing different Status Code expected [200] but found [400],
Response showing different Status message expected [true] but found [false],
Response showing different mobile no expected [user05@testing.com] but found [null],
Response showing different status code. expected [400] but found [422],
Response showing different status message expected [true] but found [false],
Response showing different message expected [Incorrect or expired OTP code] but found [null],
Response showing different status Code expected [400] but found [422],
Response showing different status message expected [true] but found [false],
Response showing different message expected [Incorrect or expired OTP code] but found [null],
Verifying the Status code expected [400] but found [422],
Response showing different status message expected [true] but found [false],
Response showing different message expected [Incorrect or expired OTP code] but found [null]
at authentication.VerifyOTP.mIKO_AUTH_026_VerifyOTPTests(VerifyOTP.java:272)
at java.base/java.util.ArrayList.forEach(ArrayList.java:1511)
... Removed 29 stack frames]]>
    </failure>
  </testcase> <!-- mIKO_AUTH_026_VerifyOTPTests -->
  <testcase classname="authentication.VerifyOTP" name="mIKO_AUTH_027_VerifyOTPTests" time="0.862">
    <failure type="java.lang.AssertionError" message="The following asserts failed:
	Response showing different Status Code expected [200] but found [422],
	Response showing different Status message expected [true] but found [false],
	Response showing different mobile no expected [+919555555555] but found [null],
	Response showing different Status Code expected [200] but found [400],
	Response showing different Status message expected [true] but found [false],
	Response showing different mobile no expected [user05@testing.com] but found [null],
	Response showing different status code. expected [400] but found [422],
	Response showing different status message expected [true] but found [false],
	Response showing different message expected [Incorrect or expired OTP code] but found [null],
	Response showing different status Code expected [400] but found [422],
	Response showing different status message expected [true] but found [false],
	Response showing different message expected [Incorrect or expired OTP code] but found [null],
	Verifying the Status code expected [400] but found [422],
	Response showing different status message expected [true] but found [false],
	Response showing different message expected [Incorrect or expired OTP code] but found [null]">
      <![CDATA[java.lang.AssertionError: The following asserts failed:
Response showing different Status Code expected [200] but found [422],
Response showing different Status message expected [true] but found [false],
Response showing different mobile no expected [+919555555555] but found [null],
Response showing different Status Code expected [200] but found [400],
Response showing different Status message expected [true] but found [false],
Response showing different mobile no expected [user05@testing.com] but found [null],
Response showing different status code. expected [400] but found [422],
Response showing different status message expected [true] but found [false],
Response showing different message expected [Incorrect or expired OTP code] but found [null],
Response showing different status Code expected [400] but found [422],
Response showing different status message expected [true] but found [false],
Response showing different message expected [Incorrect or expired OTP code] but found [null],
Verifying the Status code expected [400] but found [422],
Response showing different status message expected [true] but found [false],
Response showing different message expected [Incorrect or expired OTP code] but found [null]
at authentication.VerifyOTP.mIKO_AUTH_027_VerifyOTPTests(VerifyOTP.java:293)
at java.base/java.util.ArrayList.forEach(ArrayList.java:1511)
... Removed 29 stack frames]]>
    </failure>
  </testcase> <!-- mIKO_AUTH_027_VerifyOTPTests -->
  <testcase classname="com.miko.genericUtils.BaseApiClass" name="@AfterSuite aSConfiguration" time="0.0">
    <ignored/>
  </testcase> <!-- @AfterSuite aSConfiguration -->
  <testcase classname="com.miko.genericUtils.BaseApiClass" name="@AfterSuite aSConfiguration" time="0.0">
    <ignored/>
  </testcase> <!-- @AfterSuite aSConfiguration -->
  <testcase classname="com.miko.genericUtils.BaseApiClass" name="@AfterSuite aSConfiguration" time="0.0">
    <ignored/>
  </testcase> <!-- @AfterSuite aSConfiguration -->
  <testcase classname="com.miko.genericUtils.BaseApiClass" name="@AfterSuite aSConfiguration" time="0.0">
    <ignored/>
  </testcase> <!-- @AfterSuite aSConfiguration -->
  <testcase classname="com.miko.genericUtils.BaseApiClass" name="@AfterSuite aSConfiguration" time="0.0">
    <ignored/>
  </testcase> <!-- @AfterSuite aSConfiguration -->
  <testcase classname="com.miko.genericUtils.BaseApiClass" name="@AfterSuite aSConfiguration" time="0.0">
    <ignored/>
  </testcase> <!-- @AfterSuite aSConfiguration -->
  <testcase classname="com.miko.genericUtils.BaseApiClass" name="@AfterSuite aSConfiguration" time="0.0">
    <ignored/>
  </testcase> <!-- @AfterSuite aSConfiguration -->
  <testcase classname="com.miko.genericUtils.BaseApiClass" name="@AfterSuite aSConfiguration" time="0.0">
    <ignored/>
  </testcase> <!-- @AfterSuite aSConfiguration -->
  <testcase classname="com.miko.genericUtils.BaseApiClass" name="@AfterSuite aSConfiguration" time="0.0">
    <ignored/>
  </testcase> <!-- @AfterSuite aSConfiguration -->
  <testcase classname="com.miko.genericUtils.BaseApiClass" name="@AfterSuite aSConfiguration" time="0.0">
    <ignored/>
  </testcase> <!-- @AfterSuite aSConfiguration -->
  <testcase classname="com.miko.genericUtils.BaseApiClass" name="@AfterSuite aSConfiguration" time="0.0">
    <ignored/>
  </testcase> <!-- @AfterSuite aSConfiguration -->
  <testcase classname="com.miko.genericUtils.BaseApiClass" name="@AfterSuite aSConfiguration" time="0.0">
    <ignored/>
  </testcase> <!-- @AfterSuite aSConfiguration -->
  <testcase classname="com.miko.genericUtils.BaseApiClass" name="@AfterSuite aSConfiguration" time="0.0">
    <ignored/>
  </testcase> <!-- @AfterSuite aSConfiguration -->
  <testcase classname="com.miko.genericUtils.BaseApiClass" name="@AfterSuite aSConfiguration" time="0.0">
    <ignored/>
  </testcase> <!-- @AfterSuite aSConfiguration -->
  <testcase classname="com.miko.genericUtils.BaseApiClass" name="@AfterSuite aSConfiguration" time="0.0">
    <ignored/>
  </testcase> <!-- @AfterSuite aSConfiguration -->
  <testcase classname="com.miko.genericUtils.BaseApiClass" name="@AfterSuite aSConfiguration" time="0.0">
    <ignored/>
  </testcase> <!-- @AfterSuite aSConfiguration -->
  <testcase classname="com.miko.genericUtils.BaseApiClass" name="@AfterSuite aSConfiguration" time="0.0">
    <ignored/>
  </testcase> <!-- @AfterSuite aSConfiguration -->
  <testcase classname="com.miko.genericUtils.BaseApiClass" name="@AfterSuite aSConfiguration" time="0.0">
    <ignored/>
  </testcase> <!-- @AfterSuite aSConfiguration -->
  <testcase classname="com.miko.genericUtils.BaseApiClass" name="@BeforeSuite bSConfiguration" time="0.0">
    <ignored/>
  </testcase> <!-- @BeforeSuite bSConfiguration -->
  <testcase classname="com.miko.genericUtils.BaseApiClass" name="@BeforeSuite bSConfiguration" time="0.0">
    <ignored/>
  </testcase> <!-- @BeforeSuite bSConfiguration -->
  <testcase classname="com.miko.genericUtils.BaseApiClass" name="@BeforeSuite bSConfiguration" time="0.0">
    <ignored/>
  </testcase> <!-- @BeforeSuite bSConfiguration -->
  <testcase classname="com.miko.genericUtils.BaseApiClass" name="@BeforeSuite bSConfiguration" time="0.0">
    <ignored/>
  </testcase> <!-- @BeforeSuite bSConfiguration -->
  <testcase classname="com.miko.genericUtils.BaseApiClass" name="@BeforeSuite bSConfiguration" time="0.0">
    <ignored/>
  </testcase> <!-- @BeforeSuite bSConfiguration -->
  <testcase classname="com.miko.genericUtils.BaseApiClass" name="@BeforeSuite bSConfiguration" time="0.0">
    <ignored/>
  </testcase> <!-- @BeforeSuite bSConfiguration -->
  <testcase classname="com.miko.genericUtils.BaseApiClass" name="@BeforeSuite bSConfiguration" time="0.0">
    <ignored/>
  </testcase> <!-- @BeforeSuite bSConfiguration -->
  <testcase classname="com.miko.genericUtils.BaseApiClass" name="@BeforeSuite bSConfiguration" time="0.0">
    <ignored/>
  </testcase> <!-- @BeforeSuite bSConfiguration -->
  <testcase classname="com.miko.genericUtils.BaseApiClass" name="@BeforeSuite bSConfiguration" time="0.0">
    <ignored/>
  </testcase> <!-- @BeforeSuite bSConfiguration -->
  <testcase classname="com.miko.genericUtils.BaseApiClass" name="@BeforeSuite bSConfiguration" time="0.0">
    <ignored/>
  </testcase> <!-- @BeforeSuite bSConfiguration -->
  <testcase classname="com.miko.genericUtils.BaseApiClass" name="@BeforeSuite bSConfiguration" time="0.0">
    <ignored/>
  </testcase> <!-- @BeforeSuite bSConfiguration -->
  <testcase classname="com.miko.genericUtils.BaseApiClass" name="@BeforeSuite bSConfiguration" time="0.0">
    <ignored/>
  </testcase> <!-- @BeforeSuite bSConfiguration -->
  <testcase classname="com.miko.genericUtils.BaseApiClass" name="@BeforeSuite bSConfiguration" time="0.0">
    <ignored/>
  </testcase> <!-- @BeforeSuite bSConfiguration -->
  <testcase classname="com.miko.genericUtils.BaseApiClass" name="@BeforeSuite bSConfiguration" time="0.0">
    <ignored/>
  </testcase> <!-- @BeforeSuite bSConfiguration -->
  <testcase classname="com.miko.genericUtils.BaseApiClass" name="@BeforeSuite bSConfiguration" time="0.0">
    <ignored/>
  </testcase> <!-- @BeforeSuite bSConfiguration -->
  <testcase classname="com.miko.genericUtils.BaseApiClass" name="@BeforeSuite bSConfiguration" time="0.0">
    <ignored/>
  </testcase> <!-- @BeforeSuite bSConfiguration -->
  <testcase classname="com.miko.genericUtils.BaseApiClass" name="@BeforeSuite bSConfiguration" time="0.0">
    <ignored/>
  </testcase> <!-- @BeforeSuite bSConfiguration -->
  <testcase classname="com.miko.genericUtils.BaseApiClass" name="@BeforeSuite bSConfiguration" time="0.0">
    <ignored/>
  </testcase> <!-- @BeforeSuite bSConfiguration -->
</testsuite> <!-- Test -->
